p cnf 110 39
2 60 0
4 -60 61 0
13 -61 62 0
14 -62 63 0
16 -63 64 0
23 -64 67 0
10 65 -67 68 0
10 -65 66 -67 68 0
6 -68 72 0
26 -68 72 0
17 69 -72 77 0
10 -69 70 -72 77 0
5 73 -77 78 0
3 -73 74 -77 78 0
-13 -78 79 0
15 -78 79 0
-19 -79 80 0
-22 -80 81 0
27 -81 82 0
22 -81 82 0
9 -82 86 0
-5 -82 86 0
3 83 -86 87 0
1 -83 84 -86 87 0
27 -87 89 0
24 -87 89 0
15 -89 90 0
9 -89 90 0
-24 -90 96 0
-9 91 -96 106 0
11 -91 93 -96 106 0
24 101 -106 108 0
6 97 -101 103 0
12 -97 98 -101 103 0
18 107 -108 110 0
19 -107 -108 110 0
28 109 -110 0
6 -109 0
26 -109 0