p cnf 180 71
4 99 0
29 -99 100 0
32 -100 101 0
37 -101 102 0
47 -102 103 0
27 -103 104 0
27 -103 104 0
-36 -104 105 0
-37 -105 106 0
37 -106 110 0
8 107 -110 113 0
38 -107 108 -110 113 0
23 111 -113 119 0
30 -111 112 -113 119 0
45 114 -119 120 0
39 -114 115 0
30 -114 115 0
-44 -120 121 0
31 -121 122 0
20 -121 122 0
-8 -122 125 0
-38 -122 125 0
39 123 -125 129 0
11 -123 124 -125 129 0
21 126 -129 136 0
46 -126 127 -129 136 0
-39 130 132 0
-30 -130 131 132 0
-9 -132 133 -136 137 0
18 -137 138 0
40 -137 138 0
1 -138 140 0
24 -138 140 0
26 -140 141 0
34 139 0
25 -139 0
10 -141 142 0
43 -141 142 0
-21 -142 143 0
-46 -142 143 0
44 -143 145 0
44 -145 147 0
35 -145 147 0
-24 146 -147 148 0
-21 -146 -147 148 0
-36 -148 149 0
-2 -149 154 0
12 150 -154 156 0
17 -150 151 -154 156 0
19 -156 157 0
-24 155 0
-21 -155 0
-39 -157 158 0
-11 -157 158 0
-8 -158 159 0
-38 -158 159 0
10 -159 161 0
36 -159 161 0
10 160 -161 169 0
6 -160 -161 169 0
24 165 0
21 165 0
31 -165 166 -169 170 0
-5 -170 171 0
24 -171 172 0
45 -171 172 0
-41 -172 175 0
39 173 -175 180 0
11 -173 174 -175 180 0
16 176 -180 0
30 -176 177 -180 0