p cnf 198 56
10 89 0
11 -89 90 0
16 -90 91 0
22 -91 92 0
41 -92 93 0
14 -93 94 0
8 -93 94 0
-4 -94 95 0
-3 -95 96 0
4 -96 98 0
9 -96 98 0
27 97 -98 104 0
-7 -97 -98 104 0
12 -104 105 0
23 -104 105 0
-21 -105 106 0
35 -106 113 0
18 -106 113 0
17 -113 116 0
4 -113 116 0
-30 114 -116 123 0
1 -114 115 -116 123 0
23 -123 126 0
6 117 0
21 -117 118 0
-2 124 -126 127 0
28 -124 125 -126 127 0
-3 -127 128 0
-21 -128 129 0
-2 -129 148 0
40 -129 148 0
33 134 144 0
21 130 -134 139 0
3 -130 131 -134 139 0
3 141 -144 145 0
33 -141 142 -144 145 0
26 -156 157 0
35 149 0
36 -149 150 0
35 -157 158 0
18 -157 158 0
-9 -158 159 0
-5 -159 160 0
30 -160 161 0
29 -161 162 0
5 -161 162 0
-22 -162 177 0
40 176 -177 192 0
34 163 -176 0
32 -163 175 -176 0
34 178 191 0
32 -178 190 191 0
-35 -191 -192 198 0
23 -198 0
32 193 0
30 -193 197 0