p cnf 173 67
4 100 0
6 -100 101 0
15 -101 102 0
16 -102 103 0
25 -103 104 0
34 -104 105 0
36 -105 106 0
40 -106 107 0
41 -107 108 0
42 -108 109 0
47 -109 110 0
22 -110 111 0
27 -110 111 0
43 -111 113 0
48 -111 113 0
43 112 -113 115 0
9 -112 -113 115 0
14 114 -115 121 0
33 -114 -115 121 0
8 116 0
10 116 0
33 -116 117 0
11 -116 117 0
-24 -119 120 -121 122 0
-1 -122 123 0
12 -123 128 0
17 -123 128 0
3 124 -128 134 0
33 -124 125 0
11 -124 125 0
46 129 131 0
49 -129 130 131 0
46 -131 132 -134 135 0
-2 -135 136 0
-20 -136 138 0
17 -136 138 0
31 137 0
-20 137 0
26 -137 -138 139 0
18 -139 140 0
32 -139 140 0
-12 -140 141 0
-38 -141 146 0
24 142 -146 147 0
33 -142 143 -146 147 0
-24 -147 148 0
30 -148 149 0
32 -148 149 0
-29 -149 155 0
39 -149 155 0
3 150 -155 156 0
-18 -150 152 -155 156 0
17 -156 157 0
37 -156 157 0
-27 -157 161 0
-29 -157 161 0
12 158 -161 170 0
29 -158 159 -161 170 0
8 162 0
10 162 0
20 -162 163 0
-29 -163 164 0
39 -163 164 0
-40 -171 172 0
24 -172 173 0
5 -172 173 0
-41 -173 0