p cnf 183 57
4 93 0
7 -93 94 0
9 -94 95 0
10 -95 96 0
14 -96 97 0
21 -97 98 0
27 -98 99 0
28 -99 100 0
36 -100 103 0
17 101 -103 104 0
34 -101 102 -103 104 0
-19 -104 109 0
29 105 -109 114 0
43 -105 106 -109 114 0
20 112 -114 117 0
-11 110 -112 113 -113 0
-18 -110 111 -112 113 -113 0
-20 -117 118 0
-11 115 0
-18 -115 116 0
-33 -118 119 0
29 -118 119 0
24 -119 127 0
37 -119 127 0
23 120 124 0
42 -120 121 124 0
31 -124 125 0
19 -124 125 0
6 128 129 0
12 -128 129 0
38 -129 130 -133 149 0
30 134 -149 152 0
29 -134 135 -149 152 0
-20 -152 153 0
-11 150 0
-18 -150 151 0
40 -153 156 0
-33 -153 156 0
26 154 -156 157 0
32 -154 155 -156 157 0
-4 -157 162 0
23 -157 162 0
37 -162 167 0
43 -162 167 0
-26 163 -167 169 0
8 -163 164 -167 169 0
2 168 -169 170 0
33 -168 -169 170 0
11 -170 179 0
18 -170 179 0
25 -179 180 0
45 -179 180 0
-1 -180 181 0
-41 -180 181 0
-8 -181 182 0
8 -182 183 0
-42 -183 0