p cnf 146 78
1 0
4 0
19 0
20 0
25 0
35 0
36 0
39 0
-26 0
26 0
22 0
-26 94 0
-22 -94 0
5 95 0
44 -95 0
44 0
8 0
26 96 98 0
40 -96 97 0
10 -96 97 0
27 -98 99 0
42 -98 99 0
42 0
23 0
11 106 0
31 103 -106 107 0
3 -103 104 -106 107 0
6 0
43 0
-37 0
17 0
21 0
22 109 0
40 -109 110 0
10 -109 110 0
38 0
-27 113 0
-42 -113 114 0
-26 0
-40 115 0
-10 -115 116 0
-2 0
12 117 0
-31 117 0
-38 -117 118 0
-41 -117 118 0
44 121 0
44 -121 122 0
22 123 0
27 -123 124 0
42 -123 124 0
-40 0
-12 128 0
31 125 -128 0
3 -125 126 -128 0
38 129 0
41 -129 130 0
15 0
-13 0
29 133 0
3 -133 138 0
43 0
5 141 0
44 -141 0
2 0
42 0
-38 0
30 142 0
22 -142 143 0
29 0
27 0
-5 0
-44 0
43 0
5 144 0
44 -144 0
24 145 0
9 -145 146 0